<?xml version="1.0" encoding="UTF-8"?>
<!-- Generated by org.testng.reporters.JUnitXMLReporter -->
<testsuite ignored="0" hostname="DESKTOP-JCSSE19" failures="0" tests="6" name="Test" time="0.06" errors="0" timestamp="2020-12-12T21:10:11 CET">
  <testcase classname="myTestTutorial.Mavenjava.AppiumTest" name="Test1" time="0.007"/>
  <testcase classname="myTestTutorial.Mavenjava.AppiumTest" name="Test2" time="0.001"/>
  <testcase classname="myTestTutorial.Mavenjava.ApiTest" name="JiraTest" time="0.001"/>
  <testcase classname="myTestTutorial.Mavenjava.ApiTest" name="TwitterTest" time="0.002"/>
  <testcase classname="myTestTutorial.Mavenjava.SeleniumTest" name="BrowserAitomation" time="0.0"/>
  <testcase classname="myTestTutorial.Mavenjava.SeleniumTest" name="elementsUI" time="0.001"/>
</testsuite> <!-- Test -->
