<?xml version="1.0" encoding="UTF-8"?>
<!-- Generated by org.testng.reporters.JUnitXMLReporter -->
<testsuite ignored="0" hostname="DESKTOP-JCSSE19" failures="0" tests="6" name="Command line test" time="0.028" errors="0" timestamp="2020-12-10T22:32:18 CET">
  <testcase classname="myTestTutorial.Mavenjava.ApiTest" name="JiraTest" time="0.003"/>
  <testcase classname="myTestTutorial.Mavenjava.ApiTest" name="TwitterTest" time="0.0"/>
  <testcase classname="myTestTutorial.Mavenjava.AppiumTest" name="Test1" time="0.0"/>
  <testcase classname="myTestTutorial.Mavenjava.AppiumTest" name="Test2" time="0.0"/>
  <testcase classname="myTestTutorial.Mavenjava.SeleniumTest" name="BrowserAitomation" time="0.0"/>
  <testcase classname="myTestTutorial.Mavenjava.SeleniumTest" name="elementsUI" time="0.0"/>
</testsuite> <!-- Command line test -->
