<?xml version="1.0" encoding="UTF-8"?>
<!-- Generated by org.testng.reporters.JUnitXMLReporter -->
<testsuite ignored="0" hostname="DESKTOP-JCSSE19" failures="0" tests="4" name="Test" time="0.032" errors="0" timestamp="2020-12-09T22:53:38 CET">
  <testcase classname="myTestTutorial.Mavenjava.AppiumTest" name="Test1" time="0.003"/>
  <testcase classname="myTestTutorial.Mavenjava.AppiumTest" name="Test2" time="0.0"/>
  <testcase classname="myTestTutorial.Mavenjava.ApiTest" name="JiraTest" time="0.0"/>
  <testcase classname="myTestTutorial.Mavenjava.ApiTest" name="TwitterTest" time="0.0"/>
</testsuite> <!-- Test -->
