<?xml version="1.0" encoding="UTF-8"?>
<testng-results ignored="0" total="6" passed="6" failed="0" skipped="0">
  <reporter-output>
  </reporter-output>
  <suite started-at="2020-12-10T22:32:18 CET" name="Command line suite" finished-at="2020-12-10T22:32:18 CET" duration-ms="28">
    <groups>
    </groups>
    <test started-at="2020-12-10T22:32:18 CET" name="Command line test" finished-at="2020-12-10T22:32:18 CET" duration-ms="28">
      <class name="myTestTutorial.Mavenjava.SeleniumTest">
        <test-method signature="BrowserAitomation()[pri:0, instance:myTestTutorial.Mavenjava.SeleniumTest@5204062d]" started-at="2020-12-10T22:32:18 CET" name="BrowserAitomation" finished-at="2020-12-10T22:32:18 CET" duration-ms="0" status="PASS">
          <reporter-output>
          </reporter-output>
        </test-method> <!-- BrowserAitomation -->
        <test-method signature="elementsUI()[pri:0, instance:myTestTutorial.Mavenjava.SeleniumTest@5204062d]" started-at="2020-12-10T22:32:18 CET" name="elementsUI" finished-at="2020-12-10T22:32:18 CET" duration-ms="0" status="PASS">
          <reporter-output>
          </reporter-output>
        </test-method> <!-- elementsUI -->
      </class> <!-- myTestTutorial.Mavenjava.SeleniumTest -->
      <class name="myTestTutorial.Mavenjava.AppiumTest">
        <test-method signature="Test2()[pri:0, instance:myTestTutorial.Mavenjava.AppiumTest@5579bb86]" started-at="2020-12-10T22:32:18 CET" name="Test2" finished-at="2020-12-10T22:32:18 CET" duration-ms="0" status="PASS">
          <reporter-output>
          </reporter-output>
        </test-method> <!-- Test2 -->
        <test-method signature="Test1()[pri:0, instance:myTestTutorial.Mavenjava.AppiumTest@5579bb86]" started-at="2020-12-10T22:32:18 CET" name="Test1" finished-at="2020-12-10T22:32:18 CET" duration-ms="0" status="PASS">
          <reporter-output>
          </reporter-output>
        </test-method> <!-- Test1 -->
      </class> <!-- myTestTutorial.Mavenjava.AppiumTest -->
      <class name="myTestTutorial.Mavenjava.ApiTest">
        <test-method signature="JiraTest()[pri:0, instance:myTestTutorial.Mavenjava.ApiTest@31f924f5]" started-at="2020-12-10T22:32:18 CET" name="JiraTest" finished-at="2020-12-10T22:32:18 CET" duration-ms="3" status="PASS">
          <reporter-output>
          </reporter-output>
        </test-method> <!-- JiraTest -->
        <test-method signature="TwitterTest()[pri:0, instance:myTestTutorial.Mavenjava.ApiTest@31f924f5]" started-at="2020-12-10T22:32:18 CET" name="TwitterTest" finished-at="2020-12-10T22:32:18 CET" duration-ms="0" status="PASS">
          <reporter-output>
          </reporter-output>
        </test-method> <!-- TwitterTest -->
      </class> <!-- myTestTutorial.Mavenjava.ApiTest -->
    </test> <!-- Command line test -->
  </suite> <!-- Command line suite -->
</testng-results>
