<?xml version="1.0" encoding="UTF-8" ?>
<testsuite tests="6" failures="0" name="TestSuite" time="0.006" errors="0" skipped="0">
  <properties>
[...]
</properties>
  <testcase classname="myTestTutorial.Mavenjava.ApiTest" name="JiraTest" time="0.005"/>
  <testcase classname="myTestTutorial.Mavenjava.ApiTest" name="TwitterTest" time="0"/>
  <testcase classname="myTestTutorial.Mavenjava.AppiumTest" name="Test1" time="0"/>
  <testcase classname="myTestTutorial.Mavenjava.AppiumTest" name="Test2" time="0"/>
  <testcase classname="myTestTutorial.Mavenjava.SeleniumTest" name="BrowserAitomation" time="0.001"/>
  <testcase classname="myTestTutorial.Mavenjava.SeleniumTest" name="elementsUI" time="0"/>
</testsuite>